Traceback (most recent call last):
  File "C:\counting\app.py", line 6, in <module>
    from models.models import get_session, ZoneData, create_tables
  File "C:\counting\models\models.py", line 1, in <module>
    from sqlalchemy.ext.declarative import declarative_base
ModuleNotFoundError: No module named 'sqlalchemy'
Traceback (most recent call last):
  File "C:\counting\app.py", line 6, in <module>
    from models.models import get_session, ZoneData, create_tables
  File "C:\counting\models\models.py", line 1, in <module>
    from sqlalchemy.ext.declarative import declarative_base
ModuleNotFoundError: No module named 'sqlalchemy'
INFO:root:Flask app dimulai...
INFO:root:Flask app dimulai...
INFO:root:Flask app dimulai...
INFO:root:Flask app dimulai...
INFO:root:Flask app dimulai...
INFO:root:Flask app dimulai...
INFO:root:Flask app dimulai...
INFO:root:Flask app dimulai...
INFO:root:Flask app dimulai...
INFO:root:Flask app dimulai...
INFO:root:Flask app dimulai...
INFO:root:Flask app dimulai...
INFO:root:Flask app dimulai...
INFO:root:Flask app dimulai...
INFO:root:Flask app dimulai...
INFO:waitress:Serving on http://0.0.0.0:5050
INFO:root:Flask app dimulai...
INFO:werkzeug:[31m[1mWARNING: This is a development server. Do not use it in a production deployment. Use a production WSGI server instead.[0m
 * Running on http://127.0.0.1:5000
INFO:werkzeug:[33mPress CTRL+C to quit[0m
INFO:werkzeug: * Restarting with stat
INFO:root:Flask app dimulai...
WARNING:werkzeug: * Debugger is active!
INFO:werkzeug: * Debugger PIN: 946-845-069
INFO:root:Flask app dimulai...
INFO:root:Flask app dimulai...
INFO:root:Flask app dimulai...
INFO:root:Flask app dimulai...
INFO:root:Flask app dimulai...
INFO:waitress:Serving on http://0.0.0.0:5050
WARNING:waitress.queue:Task queue depth is 1
WARNING:waitress.queue:Task queue depth is 1
WARNING:waitress.queue:Task queue depth is 1
WARNING:waitress.queue:Task queue depth is 1
WARNING:waitress.queue:Task queue depth is 1
WARNING:waitress.queue:Task queue depth is 1
WARNING:waitress.queue:Task queue depth is 1
WARNING:waitress.queue:Task queue depth is 1
WARNING:waitress.queue:Task queue depth is 1
WARNING:waitress.queue:Task queue depth is 1
INFO:root:Flask app dimulai...
INFO:waitress:Serving on http://0.0.0.0:5050
INFO:root:Flask app dimulai...
INFO:waitress:Serving on http://0.0.0.0:5050
WARNING:waitress.queue:Task queue depth is 1
WARNING:waitress.queue:Task queue depth is 1
INFO:root:Flask app dimulai...
INFO:waitress:Serving on http://0.0.0.0:5050
WARNING:waitress.queue:Task queue depth is 1
INFO:root:Flask app dimulai...
INFO:waitress:Serving on http://0.0.0.0:5050
WARNING:waitress.queue:Task queue depth is 1
INFO:root:Flask app dimulai...
INFO:waitress:Serving on http://0.0.0.0:5050
